

Terminals which are not used:

   UMINUS


Conflict in state 33 between rule 12 and token '+' resolved as reduce.
Conflict in state 33 between rule 12 and token '-' resolved as reduce.
Conflict in state 33 between rule 12 and token '/' resolved as shift.
Conflict in state 33 between rule 12 and token '*' resolved as shift.
Conflict in state 33 between rule 12 and token '%' resolved as shift.
Conflict in state 34 between rule 13 and token '+' resolved as reduce.
Conflict in state 34 between rule 13 and token '-' resolved as reduce.
Conflict in state 34 between rule 13 and token '/' resolved as shift.
Conflict in state 34 between rule 13 and token '*' resolved as shift.
Conflict in state 34 between rule 13 and token '%' resolved as shift.
Conflict in state 35 between rule 15 and token '+' resolved as reduce.
Conflict in state 35 between rule 15 and token '-' resolved as reduce.
Conflict in state 35 between rule 15 and token '/' resolved as reduce.
Conflict in state 35 between rule 15 and token '*' resolved as reduce.
Conflict in state 35 between rule 15 and token '%' resolved as reduce.
Conflict in state 36 between rule 14 and token '+' resolved as reduce.
Conflict in state 36 between rule 14 and token '-' resolved as reduce.
Conflict in state 36 between rule 14 and token '/' resolved as reduce.
Conflict in state 36 between rule 14 and token '*' resolved as reduce.
Conflict in state 36 between rule 14 and token '%' resolved as reduce.
Conflict in state 37 between rule 16 and token '+' resolved as reduce.
Conflict in state 37 between rule 16 and token '-' resolved as reduce.
Conflict in state 37 between rule 16 and token '/' resolved as reduce.
Conflict in state 37 between rule 16 and token '*' resolved as reduce.
Conflict in state 37 between rule 16 and token '%' resolved as reduce.

Grammar
rule 1    @1 ->		/* empty */
rule 2    S -> A @1 S
rule 3    S ->		/* empty */
rule 4    @2 ->		/* empty */
rule 5    A -> IDEN ASSGN @2 EXPR ';'
rule 6    A -> error ';'
rule 7    ASSGN -> '='
rule 8    ASSGN -> PASN
rule 9    ASSGN -> MASN
rule 10   ASSGN -> DASN
rule 11   ASSGN -> SASN
rule 12   EXPR -> EXPR '+' EXPR
rule 13   EXPR -> EXPR '-' EXPR
rule 14   EXPR -> EXPR '*' EXPR
rule 15   EXPR -> EXPR '/' EXPR
rule 16   EXPR -> EXPR '%' EXPR
rule 17   EXPR -> '(' EXPR ')'
rule 18   EXPR -> '(' EXPR error
rule 19   EXPR -> TERM
rule 20   TERM -> UN OPR IDEN B
rule 21   TERM -> UN IDEN OPR B
rule 22   TERM -> UN NUM C
rule 23   TERM -> UN IDEN C
rule 24   TERM -> UN INC NUM
rule 25   TERM -> UN DEC NUM
rule 26   TERM -> UN NUM INC
rule 27   TERM -> UN NUM DEC
rule 28   OPR -> INC
rule 29   OPR -> DEC
rule 30   B -> OPR
rule 31   B -> IDEN
rule 32   B -> NUM
rule 33   B ->		/* empty */
rule 34   C -> IDEN
rule 35   C -> NUM
rule 36   C ->		/* empty */
rule 37   UN -> '-'
rule 38   UN ->		/* empty */

Terminals, with rules where they appear

$ (-1)
'%' (37) 16
'(' (40) 17 18
')' (41) 17
'*' (42) 14
'+' (43) 12
'-' (45) 13 37
'/' (47) 15
';' (59) 5 6
'=' (61) 7
error (256) 6 18
PASN (258) 8
MASN (259) 9
DASN (260) 10
SASN (261) 11
INC (262) 24 26 28
DEC (263) 25 27 29
UMINUS (264)
IDEN (265) 5 20 21 23 31 34
NUM (266) 22 24 25 26 27 32 35

Nonterminals, with rules where they appear

S (21)
    on left: 2 3, on right: 2
@1 (22)
    on left: 1, on right: 2
A (23)
    on left: 5 6, on right: 2
@2 (24)
    on left: 4, on right: 5
ASSGN (25)
    on left: 7 8 9 10 11, on right: 5
EXPR (26)
    on left: 12 13 14 15 16 17 18 19, on right: 5 12 13 14 15 16 17
    18
TERM (27)
    on left: 20 21 22 23 24 25 26 27, on right: 19
OPR (28)
    on left: 28 29, on right: 20 21 30
B (29)
    on left: 30 31 32 33, on right: 20 21
C (30)
    on left: 34 35 36, on right: 22 23
UN (31)
    on left: 37 38, on right: 20 21 22 23 24 25 26 27


state 0

    error	shift, and go to state 1
    IDEN	shift, and go to state 2

    $   	reduce using rule 3 (S)

    S   	go to state 55
    A   	go to state 3



state 1

    A  ->  error . ';'   (rule 6)

    ';' 	shift, and go to state 4



state 2

    A  ->  IDEN . ASSGN @2 EXPR ';'   (rule 5)

    PASN	shift, and go to state 5
    MASN	shift, and go to state 6
    DASN	shift, and go to state 7
    SASN	shift, and go to state 8
    '=' 	shift, and go to state 9

    ASSGN	go to state 10



state 3

    S  ->  A . @1 S   (rule 2)

    $default	reduce using rule 1 (@1)

    @1  	go to state 11



state 4

    A  ->  error ';' .   (rule 6)

    $default	reduce using rule 6 (A)



state 5

    ASSGN  ->  PASN .   (rule 8)

    $default	reduce using rule 8 (ASSGN)



state 6

    ASSGN  ->  MASN .   (rule 9)

    $default	reduce using rule 9 (ASSGN)



state 7

    ASSGN  ->  DASN .   (rule 10)

    $default	reduce using rule 10 (ASSGN)



state 8

    ASSGN  ->  SASN .   (rule 11)

    $default	reduce using rule 11 (ASSGN)



state 9

    ASSGN  ->  '=' .   (rule 7)

    $default	reduce using rule 7 (ASSGN)



state 10

    A  ->  IDEN ASSGN . @2 EXPR ';'   (rule 5)

    $default	reduce using rule 4 (@2)

    @2  	go to state 12



state 11

    S  ->  A @1 . S   (rule 2)

    error	shift, and go to state 1
    IDEN	shift, and go to state 2

    $   	reduce using rule 3 (S)

    S   	go to state 13
    A   	go to state 3



state 12

    A  ->  IDEN ASSGN @2 . EXPR ';'   (rule 5)

    '-' 	shift, and go to state 14
    '(' 	shift, and go to state 15

    $default	reduce using rule 38 (UN)

    EXPR	go to state 16
    TERM	go to state 17
    UN  	go to state 18



state 13

    S  ->  A @1 S .   (rule 2)

    $default	reduce using rule 2 (S)



state 14

    UN  ->  '-' .   (rule 37)

    $default	reduce using rule 37 (UN)



state 15

    EXPR  ->  '(' . EXPR ')'   (rule 17)
    EXPR  ->  '(' . EXPR error   (rule 18)

    '-' 	shift, and go to state 14
    '(' 	shift, and go to state 15

    $default	reduce using rule 38 (UN)

    EXPR	go to state 19
    TERM	go to state 17
    UN  	go to state 18



state 16

    A  ->  IDEN ASSGN @2 EXPR . ';'   (rule 5)
    EXPR  ->  EXPR . '+' EXPR   (rule 12)
    EXPR  ->  EXPR . '-' EXPR   (rule 13)
    EXPR  ->  EXPR . '*' EXPR   (rule 14)
    EXPR  ->  EXPR . '/' EXPR   (rule 15)
    EXPR  ->  EXPR . '%' EXPR   (rule 16)

    '+' 	shift, and go to state 20
    '-' 	shift, and go to state 21
    '/' 	shift, and go to state 22
    '*' 	shift, and go to state 23
    '%' 	shift, and go to state 24
    ';' 	shift, and go to state 25



state 17

    EXPR  ->  TERM .   (rule 19)

    $default	reduce using rule 19 (EXPR)



state 18

    TERM  ->  UN . OPR IDEN B   (rule 20)
    TERM  ->  UN . IDEN OPR B   (rule 21)
    TERM  ->  UN . NUM C   (rule 22)
    TERM  ->  UN . IDEN C   (rule 23)
    TERM  ->  UN . INC NUM   (rule 24)
    TERM  ->  UN . DEC NUM   (rule 25)
    TERM  ->  UN . NUM INC   (rule 26)
    TERM  ->  UN . NUM DEC   (rule 27)

    INC 	shift, and go to state 26
    DEC 	shift, and go to state 27
    IDEN	shift, and go to state 28
    NUM 	shift, and go to state 29

    OPR 	go to state 30



state 19

    EXPR  ->  EXPR . '+' EXPR   (rule 12)
    EXPR  ->  EXPR . '-' EXPR   (rule 13)
    EXPR  ->  EXPR . '*' EXPR   (rule 14)
    EXPR  ->  EXPR . '/' EXPR   (rule 15)
    EXPR  ->  EXPR . '%' EXPR   (rule 16)
    EXPR  ->  '(' EXPR . ')'   (rule 17)
    EXPR  ->  '(' EXPR . error   (rule 18)

    error	shift, and go to state 31
    '+' 	shift, and go to state 20
    '-' 	shift, and go to state 21
    '/' 	shift, and go to state 22
    '*' 	shift, and go to state 23
    '%' 	shift, and go to state 24
    ')' 	shift, and go to state 32



state 20

    EXPR  ->  EXPR '+' . EXPR   (rule 12)

    '-' 	shift, and go to state 14
    '(' 	shift, and go to state 15

    $default	reduce using rule 38 (UN)

    EXPR	go to state 33
    TERM	go to state 17
    UN  	go to state 18



state 21

    EXPR  ->  EXPR '-' . EXPR   (rule 13)

    '-' 	shift, and go to state 14
    '(' 	shift, and go to state 15

    $default	reduce using rule 38 (UN)

    EXPR	go to state 34
    TERM	go to state 17
    UN  	go to state 18



state 22

    EXPR  ->  EXPR '/' . EXPR   (rule 15)

    '-' 	shift, and go to state 14
    '(' 	shift, and go to state 15

    $default	reduce using rule 38 (UN)

    EXPR	go to state 35
    TERM	go to state 17
    UN  	go to state 18



state 23

    EXPR  ->  EXPR '*' . EXPR   (rule 14)

    '-' 	shift, and go to state 14
    '(' 	shift, and go to state 15

    $default	reduce using rule 38 (UN)

    EXPR	go to state 36
    TERM	go to state 17
    UN  	go to state 18



state 24

    EXPR  ->  EXPR '%' . EXPR   (rule 16)

    '-' 	shift, and go to state 14
    '(' 	shift, and go to state 15

    $default	reduce using rule 38 (UN)

    EXPR	go to state 37
    TERM	go to state 17
    UN  	go to state 18



state 25

    A  ->  IDEN ASSGN @2 EXPR ';' .   (rule 5)

    $default	reduce using rule 5 (A)



state 26

    TERM  ->  UN INC . NUM   (rule 24)
    OPR  ->  INC .   (rule 28)

    NUM 	shift, and go to state 38

    $default	reduce using rule 28 (OPR)



state 27

    TERM  ->  UN DEC . NUM   (rule 25)
    OPR  ->  DEC .   (rule 29)

    NUM 	shift, and go to state 39

    $default	reduce using rule 29 (OPR)



state 28

    TERM  ->  UN IDEN . OPR B   (rule 21)
    TERM  ->  UN IDEN . C   (rule 23)

    INC 	shift, and go to state 40
    DEC 	shift, and go to state 41
    IDEN	shift, and go to state 42
    NUM 	shift, and go to state 43

    $default	reduce using rule 36 (C)

    OPR 	go to state 44
    C   	go to state 45



state 29

    TERM  ->  UN NUM . C   (rule 22)
    TERM  ->  UN NUM . INC   (rule 26)
    TERM  ->  UN NUM . DEC   (rule 27)

    INC 	shift, and go to state 46
    DEC 	shift, and go to state 47
    IDEN	shift, and go to state 42
    NUM 	shift, and go to state 43

    $default	reduce using rule 36 (C)

    C   	go to state 48



state 30

    TERM  ->  UN OPR . IDEN B   (rule 20)

    IDEN	shift, and go to state 49



state 31

    EXPR  ->  '(' EXPR error .   (rule 18)

    $default	reduce using rule 18 (EXPR)



state 32

    EXPR  ->  '(' EXPR ')' .   (rule 17)

    $default	reduce using rule 17 (EXPR)



state 33

    EXPR  ->  EXPR . '+' EXPR   (rule 12)
    EXPR  ->  EXPR '+' EXPR .   (rule 12)
    EXPR  ->  EXPR . '-' EXPR   (rule 13)
    EXPR  ->  EXPR . '*' EXPR   (rule 14)
    EXPR  ->  EXPR . '/' EXPR   (rule 15)
    EXPR  ->  EXPR . '%' EXPR   (rule 16)

    '/' 	shift, and go to state 22
    '*' 	shift, and go to state 23
    '%' 	shift, and go to state 24

    $default	reduce using rule 12 (EXPR)



state 34

    EXPR  ->  EXPR . '+' EXPR   (rule 12)
    EXPR  ->  EXPR . '-' EXPR   (rule 13)
    EXPR  ->  EXPR '-' EXPR .   (rule 13)
    EXPR  ->  EXPR . '*' EXPR   (rule 14)
    EXPR  ->  EXPR . '/' EXPR   (rule 15)
    EXPR  ->  EXPR . '%' EXPR   (rule 16)

    '/' 	shift, and go to state 22
    '*' 	shift, and go to state 23
    '%' 	shift, and go to state 24

    $default	reduce using rule 13 (EXPR)



state 35

    EXPR  ->  EXPR . '+' EXPR   (rule 12)
    EXPR  ->  EXPR . '-' EXPR   (rule 13)
    EXPR  ->  EXPR . '*' EXPR   (rule 14)
    EXPR  ->  EXPR . '/' EXPR   (rule 15)
    EXPR  ->  EXPR '/' EXPR .   (rule 15)
    EXPR  ->  EXPR . '%' EXPR   (rule 16)


    $default	reduce using rule 15 (EXPR)



state 36

    EXPR  ->  EXPR . '+' EXPR   (rule 12)
    EXPR  ->  EXPR . '-' EXPR   (rule 13)
    EXPR  ->  EXPR . '*' EXPR   (rule 14)
    EXPR  ->  EXPR '*' EXPR .   (rule 14)
    EXPR  ->  EXPR . '/' EXPR   (rule 15)
    EXPR  ->  EXPR . '%' EXPR   (rule 16)


    $default	reduce using rule 14 (EXPR)



state 37

    EXPR  ->  EXPR . '+' EXPR   (rule 12)
    EXPR  ->  EXPR . '-' EXPR   (rule 13)
    EXPR  ->  EXPR . '*' EXPR   (rule 14)
    EXPR  ->  EXPR . '/' EXPR   (rule 15)
    EXPR  ->  EXPR . '%' EXPR   (rule 16)
    EXPR  ->  EXPR '%' EXPR .   (rule 16)


    $default	reduce using rule 16 (EXPR)



state 38

    TERM  ->  UN INC NUM .   (rule 24)

    $default	reduce using rule 24 (TERM)



state 39

    TERM  ->  UN DEC NUM .   (rule 25)

    $default	reduce using rule 25 (TERM)



state 40

    OPR  ->  INC .   (rule 28)

    $default	reduce using rule 28 (OPR)



state 41

    OPR  ->  DEC .   (rule 29)

    $default	reduce using rule 29 (OPR)



state 42

    C  ->  IDEN .   (rule 34)

    $default	reduce using rule 34 (C)



state 43

    C  ->  NUM .   (rule 35)

    $default	reduce using rule 35 (C)



state 44

    TERM  ->  UN IDEN OPR . B   (rule 21)

    INC 	shift, and go to state 40
    DEC 	shift, and go to state 41
    IDEN	shift, and go to state 50
    NUM 	shift, and go to state 51

    $default	reduce using rule 33 (B)

    OPR 	go to state 52
    B   	go to state 53



state 45

    TERM  ->  UN IDEN C .   (rule 23)

    $default	reduce using rule 23 (TERM)



state 46

    TERM  ->  UN NUM INC .   (rule 26)

    $default	reduce using rule 26 (TERM)



state 47

    TERM  ->  UN NUM DEC .   (rule 27)

    $default	reduce using rule 27 (TERM)



state 48

    TERM  ->  UN NUM C .   (rule 22)

    $default	reduce using rule 22 (TERM)



state 49

    TERM  ->  UN OPR IDEN . B   (rule 20)

    INC 	shift, and go to state 40
    DEC 	shift, and go to state 41
    IDEN	shift, and go to state 50
    NUM 	shift, and go to state 51

    $default	reduce using rule 33 (B)

    OPR 	go to state 52
    B   	go to state 54



state 50

    B  ->  IDEN .   (rule 31)

    $default	reduce using rule 31 (B)



state 51

    B  ->  NUM .   (rule 32)

    $default	reduce using rule 32 (B)



state 52

    B  ->  OPR .   (rule 30)

    $default	reduce using rule 30 (B)



state 53

    TERM  ->  UN IDEN OPR B .   (rule 21)

    $default	reduce using rule 21 (TERM)



state 54

    TERM  ->  UN OPR IDEN B .   (rule 20)

    $default	reduce using rule 20 (TERM)



state 55

    $   	go to state 56



state 56

    $   	go to state 57



state 57

    $default	accept
