
Grammar
rule 1    S -> A ';' S
rule 2    S ->		/* empty */
rule 3    A -> DAY SEP MONTH SEP YEAR

Terminals, with rules where they appear

$ (-1)
';' (59) 1
error (256)
MONTH (258) 3
DAY (259) 3
YEAR (260) 3
SEP (261) 3

Nonterminals, with rules where they appear

S (8)
    on left: 1 2, on right: 1
A (9)
    on left: 3, on right: 1


state 0

    DAY 	shift, and go to state 1

    $default	reduce using rule 2 (S)

    S   	go to state 9
    A   	go to state 2



state 1

    A  ->  DAY . SEP MONTH SEP YEAR   (rule 3)

    SEP 	shift, and go to state 3



state 2

    S  ->  A . ';' S   (rule 1)

    ';' 	shift, and go to state 4



state 3

    A  ->  DAY SEP . MONTH SEP YEAR   (rule 3)

    MONTH	shift, and go to state 5



state 4

    S  ->  A ';' . S   (rule 1)

    DAY 	shift, and go to state 1

    $default	reduce using rule 2 (S)

    S   	go to state 6
    A   	go to state 2



state 5

    A  ->  DAY SEP MONTH . SEP YEAR   (rule 3)

    SEP 	shift, and go to state 7



state 6

    S  ->  A ';' S .   (rule 1)

    $default	reduce using rule 1 (S)



state 7

    A  ->  DAY SEP MONTH SEP . YEAR   (rule 3)

    YEAR	shift, and go to state 8



state 8

    A  ->  DAY SEP MONTH SEP YEAR .   (rule 3)

    $default	reduce using rule 3 (A)



state 9

    $   	go to state 10



state 10

    $   	go to state 11



state 11

    $default	accept
